<?xml version="1.0" encoding="UTF-8"?>
<!-- Generated by org.testng.reporters.JUnitReportReporter -->
<testsuite hostname="DESKTOP-FI3IG5E" name="testngFiles.DependenyAnnot" tests="3" failures="0" timestamp="5 Sep 2017 01:48:12 GMT" time="0.031" errors="0">
  <testcase name="OpeningBrowser" time="0.001" classname="testngFiles.DependenyAnnot"/>
  <testcase name="FlightBooking" time="0.001" classname="testngFiles.DependenyAnnot"/>
  <testcase name="Timerelated" time="0.029" classname="testngFiles.DependenyAnnot"/>
</testsuite> <!-- testngFiles.DependenyAnnot -->
