<?xml version="1.0" encoding="UTF-8"?>
<!-- Generated by org.testng.reporters.JUnitReportReporter -->
<testsuite hostname="DESKTOP-FI3IG5E" name="packTwo.DependenyAnnot" tests="3" failures="0" timestamp="5 Sep 2017 01:48:12 GMT" time="0.004" errors="0">
  <testcase name="Timerelated" time="0.003" classname="packTwo.DependenyAnnot"/>
  <testcase name="OpeningBrowser" time="0.001" classname="packTwo.DependenyAnnot"/>
  <testcase name="FlightBooking" time="0.000" classname="packTwo.DependenyAnnot"/>
</testsuite> <!-- packTwo.DependenyAnnot -->
