<?xml version="1.0" encoding="UTF-8"?>
<!-- Generated by org.testng.reporters.JUnitReportReporter -->
<testsuite hostname="DESKTOP-FI3IG5E" name="packTwo.Annotations" tests="3" failures="0" timestamp="5 Sep 2017 01:56:15 GMT" time="0.002" errors="0">
  <testcase name="FlightCancel" time="0.001" classname="packTwo.Annotations"/>
  <testcase name="FlightBooking" time="0.000" classname="packTwo.Annotations"/>
  <testcase name="OpeningBrowser" time="0.001" classname="packTwo.Annotations"/>
</testsuite> <!-- packTwo.Annotations -->
