<?xml version="1.0" encoding="UTF-8"?>
<!-- Generated by org.testng.reporters.JUnitReportReporter -->
<testsuite hostname="DESKTOP-FI3IG5E" name="Banking.AppTest" tests="3" failures="0" timestamp="5 Sep 2017 01:41:05 GMT" time="0.003" errors="0">
  <testcase name="FlightCancel" time="0.001" classname="Banking.AppTest"/>
  <testcase name="FlightBooking" time="0.002" classname="Banking.AppTest"/>
  <testcase name="OpeningBrowser" time="0.000" classname="Banking.AppTest"/>
</testsuite> <!-- Banking.AppTest -->
