<?xml version="1.0" encoding="UTF-8"?>
<!-- Generated by org.testng.reporters.JUnitReportReporter -->
<testsuite hostname="DESKTOP-FI3IG5E" name="testngFiles.Annot2" tests="1" failures="0" timestamp="5 Sep 2017 01:56:15 GMT" time="0.001" errors="0">
  <testcase name="software" time="0.001" classname="testngFiles.Annot2"/>
</testsuite> <!-- testngFiles.Annot2 -->
