<?xml version="1.0" encoding="UTF-8"?>
<!-- Generated by org.testng.reporters.JUnitReportReporter -->
<testsuite hostname="DESKTOP-FI3IG5E" name="testngFiles.DependenyAnnot" tests="3" failures="0" timestamp="5 Sep 2017 01:56:15 GMT" time="0.010" errors="0">
  <testcase name="FlightBooking" time="0.001" classname="testngFiles.DependenyAnnot"/>
  <testcase name="Timerelated" time="0.009" classname="testngFiles.DependenyAnnot"/>
  <testcase name="OpeningBrowser" time="0.000" classname="testngFiles.DependenyAnnot"/>
</testsuite> <!-- testngFiles.DependenyAnnot -->
